<?xml version="1.0" encoding="UTF-8"?>
<coverage generated="1635533789220" clover="3.2.0">
  <project timestamp="1635533789221" name="All files">
    <metrics statements="10" coveredstatements="6" conditionals="2" coveredconditionals="0" methods="3" coveredmethods="1" elements="15" coveredelements="7" complexity="0" loc="10" ncloc="10" packages="1" files="1" classes="1"/>
    <file name="index.js" path="/home/otter/Desktop/test/src/__test__/index.js">
      <metrics statements="10" coveredstatements="6" conditionals="2" coveredconditionals="0" methods="3" coveredmethods="1"/>
      <line num="1" count="1" type="stmt"/>
      <line num="9" count="1" type="stmt"/>
      <line num="10" count="3" type="stmt"/>
      <line num="11" count="3" type="stmt"/>
      <line num="14" count="1" type="stmt"/>
      <line num="15" count="0" type="stmt"/>
      <line num="16" count="0" type="cond" truecount="0" falsecount="2"/>
      <line num="17" count="0" type="stmt"/>
      <line num="19" count="0" type="stmt"/>
      <line num="24" count="1" type="stmt"/>
    </file>
  </project>
</coverage>
